<?xml version="1.0" encoding="UTF-8"?>
<!-- Generated by org.testng.reporters.JUnitReportReporter -->
<testsuite skipped="0" hostname="Miguels-iMac.local" name="com.rimac.TestRunner" tests="1" failures="0" timestamp="2022-06-09T12:09:37 PET" time="32.271" errors="0">
  <testcase name="runScenario" time="32.271" classname="com.rimac.TestRunner"/>
  <system-out/>
</testsuite> <!-- com.rimac.TestRunner -->
