<?xml version="1.0" encoding="UTF-8"?>
<!-- Generated by org.testng.reporters.JUnitReportReporter -->
<testsuite skipped="0" hostname="Miguels-iMac.local" name="com.rimac.TestRunner" tests="2" failures="0" timestamp="2022-06-10T00:22:57 PET" time="51.189" errors="0">
  <testcase name="runScenario" time="32.809" classname="com.rimac.TestRunner"/>
  <system-out/>
  <testcase name="runScenario" time="18.380" classname="com.rimac.TestRunner"/>
  <system-out/>
</testsuite> <!-- com.rimac.TestRunner -->
